<?xml version="1.0" encoding="UTF-8"?>
<testsuite xmlns:xsi="http://www.w3.org/2001/XMLSchema-instance" xsi:noNamespaceSchemaLocation="https://maven.apache.org/surefire/maven-surefire-plugin/xsd/surefire-test-report-3.0.xsd" version="3.0" name="io.helidon.examples.quickstart.mp.MainTest" time="3.032" tests="4" errors="0" skipped="0" failures="0">
  <properties>
    <property name="java.specification.version" value="21"/>
    <property name="jersey.config.allowSystemPropertiesProvider" value="true"/>
    <property name="sun.jnu.encoding" value="UTF-8"/>
    <property name="java.class.path" value="/workspace/helidon/helidon-quickstart-mp/target/test-classes:/workspace/helidon/helidon-quickstart-mp/target/classes:/workspace/m2-repository/io/helidon/microprofile/bundles/helidon-microprofile-core/4.0.5/helidon-microprofile-core-4.0.5.jar:/workspace/m2-repository/io/helidon/microprofile/server/helidon-microprofile-server/4.0.5/helidon-microprofile-server-4.0.5.jar:/workspace/m2-repository/io/helidon/webserver/observe/helidon-webserver-observe/4.0.5/helidon-webserver-observe-4.0.5.jar:/workspace/m2-repository/io/helidon/microprofile/cdi/helidon-microprofile-cdi/4.0.5/helidon-microprofile-cdi-4.0.5.jar:/workspace/m2-repository/io/helidon/helidon/4.0.5/helidon-4.0.5.jar:/workspace/m2-repository/io/helidon/microprofile/weld/weld-se-core/4.0.5/weld-se-core-4.0.5.jar:/workspace/m2-repository/io/helidon/microprofile/weld/weld-core-impl/4.0.5/weld-core-impl-4.0.5.jar:/workspace/m2-repository/org/jboss/weld/environment/weld-environment-common/5.1.1.SP2/weld-environment-common-5.1.1.SP2.jar:/workspace/m2-repository/org/jboss/weld/weld-api/5.0.SP3/weld-api-5.0.SP3.jar:/workspace/m2-repository/org/jboss/weld/weld-spi/5.0.SP3/weld-spi-5.0.SP3.jar:/workspace/m2-repository/org/jboss/classfilewriter/jboss-classfilewriter/1.3.0.Final/jboss-classfilewriter-1.3.0.Final.jar:/workspace/m2-repository/org/jboss/weld/weld-lite-extension-translator/5.1.1.SP2/weld-lite-extension-translator-5.1.1.SP2.jar:/workspace/m2-repository/org/jboss/logging/jboss-logging-processor/2.2.1.Final/jboss-logging-processor-2.2.1.Final.jar:/workspace/m2-repository/org/jboss/logging/jboss-logging-annotations/2.2.1.Final/jboss-logging-annotations-2.2.1.Final.jar:/workspace/m2-repository/org/jboss/jdeparser/jdeparser/2.0.3.Final/jdeparser-2.0.3.Final.jar:/workspace/m2-repository/io/helidon/common/features/helidon-common-features/4.0.5/helidon-common-features-4.0.5.jar:/workspace/m2-repository/io/helidon/common/features/helidon-common-features-api/4.0.5/helidon-common-features-api-4.0.5.jar:/workspace/m2-repository/io/helidon/webserver/helidon-webserver/4.0.5/helidon-webserver-4.0.5.jar:/workspace/m2-repository/io/helidon/common/helidon-common-socket/4.0.5/helidon-common-socket-4.0.5.jar:/workspace/m2-repository/io/helidon/common/helidon-common-key-util/4.0.5/helidon-common-key-util-4.0.5.jar:/workspace/m2-repository/io/helidon/common/helidon-common-security/4.0.5/helidon-common-security-4.0.5.jar:/workspace/m2-repository/io/helidon/common/helidon-common-task/4.0.5/helidon-common-task-4.0.5.jar:/workspace/m2-repository/io/helidon/common/helidon-common-tls/4.0.5/helidon-common-tls-4.0.5.jar:/workspace/m2-repository/io/helidon/http/media/helidon-http-media/4.0.5/helidon-http-media-4.0.5.jar:/workspace/m2-repository/io/helidon/http/encoding/helidon-http-encoding/4.0.5/helidon-http-encoding-4.0.5.jar:/workspace/m2-repository/io/helidon/webserver/helidon-webserver-static-content/4.0.5/helidon-webserver-static-content-4.0.5.jar:/workspace/m2-repository/jakarta/enterprise/jakarta.enterprise.cdi-api/4.0.1/jakarta.enterprise.cdi-api-4.0.1.jar:/workspace/m2-repository/jakarta/enterprise/jakarta.enterprise.lang-model/4.0.1/jakarta.enterprise.lang-model-4.0.1.jar:/workspace/m2-repository/jakarta/el/jakarta.el-api/5.0.1/jakarta.el-api-5.0.1.jar:/workspace/m2-repository/io/helidon/http/media/helidon-http-media-jsonp/4.0.5/helidon-http-media-jsonp-4.0.5.jar:/workspace/m2-repository/io/helidon/webserver/helidon-webserver-context/4.0.5/helidon-webserver-context-4.0.5.jar:/workspace/m2-repository/io/helidon/config/helidon-config/4.0.5/helidon-config-4.0.5.jar:/workspace/m2-repository/io/helidon/inject/helidon-inject-api/4.0.5/helidon-inject-api-4.0.5.jar:/workspace/m2-repository/io/helidon/common/helidon-common-types/4.0.5/helidon-common-types-4.0.5.jar:/workspace/m2-repository/io/helidon/jersey/helidon-jersey-server/4.0.5/helidon-jersey-server-4.0.5.jar:/workspace/m2-repository/org/glassfish/jersey/core/jersey-server/3.1.5/jersey-server-3.1.5.jar:/workspace/m2-repository/jakarta/validation/jakarta.validation-api/3.0.0/jakarta.validation-api-3.0.0.jar:/workspace/m2-repository/io/helidon/config/helidon-config-yaml/4.0.5/helidon-config-yaml-4.0.5.jar:/workspace/m2-repository/org/glassfish/jersey/ext/cdi/jersey-weld2-se/3.1.5/jersey-weld2-se-3.1.5.jar:/workspace/m2-repository/org/glassfish/jersey/ext/cdi/jersey-cdi1x/3.1.5/jersey-cdi1x-3.1.5.jar:/workspace/m2-repository/io/helidon/jersey/helidon-jersey-media-jsonp/4.0.5/helidon-jersey-media-jsonp-4.0.5.jar:/workspace/m2-repository/org/glassfish/jersey/media/jersey-media-json-processing/3.1.5/jersey-media-json-processing-3.1.5.jar:/workspace/m2-repository/org/eclipse/parsson/parsson-media/1.1.5/parsson-media-1.1.5.jar:/workspace/m2-repository/io/helidon/microprofile/config/helidon-microprofile-config/4.0.5/helidon-microprofile-config-4.0.5.jar:/workspace/m2-repository/io/helidon/config/helidon-config-mp/4.0.5/helidon-config-mp-4.0.5.jar:/workspace/m2-repository/io/helidon/config/helidon-config-encryption/4.0.5/helidon-config-encryption-4.0.5.jar:/workspace/m2-repository/io/helidon/common/helidon-common-crypto/4.0.5/helidon-common-crypto-4.0.5.jar:/workspace/m2-repository/io/helidon/config/helidon-config-object-mapping/4.0.5/helidon-config-object-mapping-4.0.5.jar:/workspace/m2-repository/io/helidon/microprofile/openapi/helidon-microprofile-openapi/4.0.5/helidon-microprofile-openapi-4.0.5.jar:/workspace/m2-repository/io/helidon/openapi/helidon-openapi/4.0.5/helidon-openapi-4.0.5.jar:/workspace/m2-repository/io/helidon/common/helidon-common-config/4.0.5/helidon-common-config-4.0.5.jar:/workspace/m2-repository/io/helidon/common/helidon-common-mapper/4.0.5/helidon-common-mapper-4.0.5.jar:/workspace/m2-repository/io/helidon/common/helidon-common-media-type/4.0.5/helidon-common-media-type-4.0.5.jar:/workspace/m2-repository/org/eclipse/microprofile/config/microprofile-config-api/3.0.3/microprofile-config-api-3.0.3.jar:/workspace/m2-repository/org/eclipse/microprofile/openapi/microprofile-openapi-api/3.1.1/microprofile-openapi-api-3.1.1.jar:/workspace/m2-repository/io/helidon/webserver/helidon-webserver-service-common/4.0.5/helidon-webserver-service-common-4.0.5.jar:/workspace/m2-repository/io/helidon/webserver/helidon-webserver-cors/4.0.5/helidon-webserver-cors-4.0.5.jar:/workspace/m2-repository/io/helidon/cors/helidon-cors/4.0.5/helidon-cors-4.0.5.jar:/workspace/m2-repository/io/helidon/microprofile/service-common/helidon-microprofile-service-common/4.0.5/helidon-microprofile-service-common-4.0.5.jar:/workspace/m2-repository/io/smallrye/smallrye-open-api-core/3.3.4/smallrye-open-api-core-3.3.4.jar:/workspace/m2-repository/org/jboss/logging/jboss-logging/3.5.3.Final/jboss-logging-3.5.3.Final.jar:/workspace/m2-repository/io/smallrye/smallrye-open-api-jaxrs/3.3.4/smallrye-open-api-jaxrs-3.3.4.jar:/workspace/m2-repository/org/yaml/snakeyaml/2.0/snakeyaml-2.0.jar:/workspace/m2-repository/io/helidon/microprofile/health/helidon-microprofile-health/4.0.5/helidon-microprofile-health-4.0.5.jar:/workspace/m2-repository/org/eclipse/microprofile/health/microprofile-health-api/4.0.1/microprofile-health-api-4.0.1.jar:/workspace/m2-repository/io/helidon/webserver/observe/helidon-webserver-observe-health/4.0.5/helidon-webserver-observe-health-4.0.5.jar:/workspace/m2-repository/io/helidon/health/helidon-health/4.0.5/helidon-health-4.0.5.jar:/workspace/m2-repository/jakarta/json/bind/jakarta.json.bind-api/3.0.0/jakarta.json.bind-api-3.0.0.jar:/workspace/m2-repository/org/glassfish/jersey/media/jersey-media-json-binding/3.1.5/jersey-media-json-binding-3.1.5.jar:/workspace/m2-repository/org/glassfish/jersey/core/jersey-common/3.1.5/jersey-common-3.1.5.jar:/workspace/m2-repository/jakarta/ws/rs/jakarta.ws.rs-api/3.1.0/jakarta.ws.rs-api-3.1.0.jar:/workspace/m2-repository/jakarta/annotation/jakarta.annotation-api/2.1.1/jakarta.annotation-api-2.1.1.jar:/workspace/m2-repository/jakarta/inject/jakarta.inject-api/2.0.1/jakarta.inject-api-2.0.1.jar:/workspace/m2-repository/org/glassfish/hk2/osgi-resource-locator/1.0.3/osgi-resource-locator-1.0.3.jar:/workspace/m2-repository/jakarta/json/jakarta.json-api/2.1.3/jakarta.json-api-2.1.3.jar:/workspace/m2-repository/org/eclipse/parsson/parsson/1.1.5/parsson-1.1.5.jar:/workspace/m2-repository/org/eclipse/yasson/3.0.3/yasson-3.0.3.jar:/workspace/m2-repository/io/helidon/logging/helidon-logging-jul/4.0.5/helidon-logging-jul-4.0.5.jar:/workspace/m2-repository/io/helidon/common/helidon-common-context/4.0.5/helidon-common-context-4.0.5.jar:/workspace/m2-repository/io/helidon/logging/helidon-logging-common/4.0.5/helidon-logging-common-4.0.5.jar:/workspace/m2-repository/io/helidon/common/helidon-common/4.0.5/helidon-common-4.0.5.jar:/workspace/m2-repository/io/smallrye/jandex/3.1.2/jandex-3.1.2.jar:/workspace/m2-repository/jakarta/activation/jakarta.activation-api/2.1.1/jakarta.activation-api-2.1.1.jar:/workspace/m2-repository/org/eclipse/microprofile/metrics/microprofile-metrics-api/5.0.1/microprofile-metrics-api-5.0.1.jar:/workspace/m2-repository/jakarta/interceptor/jakarta.interceptor-api/2.1.0/jakarta.interceptor-api-2.1.0.jar:/workspace/m2-repository/io/helidon/microprofile/metrics/helidon-microprofile-metrics/4.0.5/helidon-microprofile-metrics-4.0.5.jar:/workspace/m2-repository/io/helidon/webserver/observe/helidon-webserver-observe-metrics/4.0.5/helidon-webserver-observe-metrics-4.0.5.jar:/workspace/m2-repository/io/helidon/metrics/providers/helidon-metrics-providers-micrometer/4.0.5/helidon-metrics-providers-micrometer-4.0.5.jar:/workspace/m2-repository/io/micrometer/micrometer-core/1.11.3/micrometer-core-1.11.3.jar:/workspace/m2-repository/io/micrometer/micrometer-commons/1.11.3/micrometer-commons-1.11.3.jar:/workspace/m2-repository/io/micrometer/micrometer-observation/1.11.3/micrometer-observation-1.11.3.jar:/workspace/m2-repository/org/hdrhistogram/HdrHistogram/2.1.12/HdrHistogram-2.1.12.jar:/workspace/m2-repository/org/latencyutils/LatencyUtils/2.0.3/LatencyUtils-2.0.3.jar:/workspace/m2-repository/io/micrometer/micrometer-registry-prometheus/1.11.3/micrometer-registry-prometheus-1.11.3.jar:/workspace/m2-repository/io/prometheus/simpleclient_common/0.16.0/simpleclient_common-0.16.0.jar:/workspace/m2-repository/io/prometheus/simpleclient/0.16.0/simpleclient-0.16.0.jar:/workspace/m2-repository/io/prometheus/simpleclient_tracer_otel/0.16.0/simpleclient_tracer_otel-0.16.0.jar:/workspace/m2-repository/io/prometheus/simpleclient_tracer_otel_agent/0.16.0/simpleclient_tracer_otel_agent-0.16.0.jar:/workspace/m2-repository/io/prometheus/simpleclient_tracer_common/0.16.0/simpleclient_tracer_common-0.16.0.jar:/workspace/m2-repository/io/helidon/metrics/helidon-metrics-api/4.0.5/helidon-metrics-api-4.0.5.jar:/workspace/m2-repository/io/helidon/http/helidon-http/4.0.5/helidon-http-4.0.5.jar:/workspace/m2-repository/io/helidon/common/helidon-common-configurable/4.0.5/helidon-common-configurable-4.0.5.jar:/workspace/m2-repository/io/helidon/common/helidon-common-buffers/4.0.5/helidon-common-buffers-4.0.5.jar:/workspace/m2-repository/io/helidon/common/helidon-common-uri/4.0.5/helidon-common-uri-4.0.5.jar:/workspace/m2-repository/io/helidon/common/helidon-common-parameters/4.0.5/helidon-common-parameters-4.0.5.jar:/workspace/m2-repository/io/helidon/builder/helidon-builder-api/4.0.5/helidon-builder-api-4.0.5.jar:/workspace/m2-repository/io/helidon/metrics/helidon-metrics-system-meters/4.0.5/helidon-metrics-system-meters-4.0.5.jar:/workspace/m2-repository/org/junit/jupiter/junit-jupiter-api/5.9.3/junit-jupiter-api-5.9.3.jar:/workspace/m2-repository/org/opentest4j/opentest4j/1.2.0/opentest4j-1.2.0.jar:/workspace/m2-repository/org/junit/platform/junit-platform-commons/1.9.3/junit-platform-commons-1.9.3.jar:/workspace/m2-repository/org/apiguardian/apiguardian-api/1.1.2/apiguardian-api-1.1.2.jar:/workspace/m2-repository/io/helidon/microprofile/testing/helidon-microprofile-testing-junit5/4.0.5/helidon-microprofile-testing-junit5-4.0.5.jar:/workspace/m2-repository/io/helidon/jersey/helidon-jersey-client/4.0.5/helidon-jersey-client-4.0.5.jar:/workspace/m2-repository/org/glassfish/jersey/core/jersey-client/3.1.5/jersey-client-3.1.5.jar:/workspace/m2-repository/org/glassfish/jersey/inject/jersey-hk2/3.1.5/jersey-hk2-3.1.5.jar:/workspace/m2-repository/org/glassfish/hk2/hk2-locator/3.0.5/hk2-locator-3.0.5.jar:/workspace/m2-repository/org/glassfish/hk2/external/aopalliance-repackaged/3.0.5/aopalliance-repackaged-3.0.5.jar:/workspace/m2-repository/org/glassfish/hk2/hk2-api/3.0.5/hk2-api-3.0.5.jar:/workspace/m2-repository/org/glassfish/hk2/hk2-utils/3.0.5/hk2-utils-3.0.5.jar:/workspace/m2-repository/org/javassist/javassist/3.29.2-GA/javassist-3.29.2-GA.jar:/workspace/m2-repository/io/helidon/config/helidon-config-yaml-mp/4.0.5/helidon-config-yaml-mp-4.0.5.jar:/workspace/m2-repository/org/hamcrest/hamcrest-all/1.3/hamcrest-all-1.3.jar:"/>
    <property name="java.vm.vendor" value="Oracle Corporation"/>
    <property name="sun.arch.data.model" value="64"/>
    <property name="java.vendor.url" value="https://java.oracle.com/"/>
    <property name="user.timezone" value="Etc/UTC"/>
    <property name="os.name" value="Linux"/>
    <property name="java.vm.specification.version" value="21"/>
    <property name="sun.java.launcher" value="SUN_STANDARD"/>
    <property name="user.country" value="US"/>
    <property name="sun.boot.library.path" value="/home/gitpod/.sdkman/candidates/java/21.0.2-open/lib"/>
    <property name="sun.java.command" value="/workspace/helidon/helidon-quickstart-mp/target/surefire/surefirebooter-20240218110155059_3.jar /workspace/helidon/helidon-quickstart-mp/target/surefire 2024-02-18T11-01-54_738-jvmRun1 surefire-20240218110155059_1tmp surefire_0-20240218110155059_2tmp"/>
    <property name="jdk.debug" value="release"/>
    <property name="surefire.test.class.path" value="/workspace/helidon/helidon-quickstart-mp/target/test-classes:/workspace/helidon/helidon-quickstart-mp/target/classes:/workspace/m2-repository/io/helidon/microprofile/bundles/helidon-microprofile-core/4.0.5/helidon-microprofile-core-4.0.5.jar:/workspace/m2-repository/io/helidon/microprofile/server/helidon-microprofile-server/4.0.5/helidon-microprofile-server-4.0.5.jar:/workspace/m2-repository/io/helidon/webserver/observe/helidon-webserver-observe/4.0.5/helidon-webserver-observe-4.0.5.jar:/workspace/m2-repository/io/helidon/microprofile/cdi/helidon-microprofile-cdi/4.0.5/helidon-microprofile-cdi-4.0.5.jar:/workspace/m2-repository/io/helidon/helidon/4.0.5/helidon-4.0.5.jar:/workspace/m2-repository/io/helidon/microprofile/weld/weld-se-core/4.0.5/weld-se-core-4.0.5.jar:/workspace/m2-repository/io/helidon/microprofile/weld/weld-core-impl/4.0.5/weld-core-impl-4.0.5.jar:/workspace/m2-repository/org/jboss/weld/environment/weld-environment-common/5.1.1.SP2/weld-environment-common-5.1.1.SP2.jar:/workspace/m2-repository/org/jboss/weld/weld-api/5.0.SP3/weld-api-5.0.SP3.jar:/workspace/m2-repository/org/jboss/weld/weld-spi/5.0.SP3/weld-spi-5.0.SP3.jar:/workspace/m2-repository/org/jboss/classfilewriter/jboss-classfilewriter/1.3.0.Final/jboss-classfilewriter-1.3.0.Final.jar:/workspace/m2-repository/org/jboss/weld/weld-lite-extension-translator/5.1.1.SP2/weld-lite-extension-translator-5.1.1.SP2.jar:/workspace/m2-repository/org/jboss/logging/jboss-logging-processor/2.2.1.Final/jboss-logging-processor-2.2.1.Final.jar:/workspace/m2-repository/org/jboss/logging/jboss-logging-annotations/2.2.1.Final/jboss-logging-annotations-2.2.1.Final.jar:/workspace/m2-repository/org/jboss/jdeparser/jdeparser/2.0.3.Final/jdeparser-2.0.3.Final.jar:/workspace/m2-repository/io/helidon/common/features/helidon-common-features/4.0.5/helidon-common-features-4.0.5.jar:/workspace/m2-repository/io/helidon/common/features/helidon-common-features-api/4.0.5/helidon-common-features-api-4.0.5.jar:/workspace/m2-repository/io/helidon/webserver/helidon-webserver/4.0.5/helidon-webserver-4.0.5.jar:/workspace/m2-repository/io/helidon/common/helidon-common-socket/4.0.5/helidon-common-socket-4.0.5.jar:/workspace/m2-repository/io/helidon/common/helidon-common-key-util/4.0.5/helidon-common-key-util-4.0.5.jar:/workspace/m2-repository/io/helidon/common/helidon-common-security/4.0.5/helidon-common-security-4.0.5.jar:/workspace/m2-repository/io/helidon/common/helidon-common-task/4.0.5/helidon-common-task-4.0.5.jar:/workspace/m2-repository/io/helidon/common/helidon-common-tls/4.0.5/helidon-common-tls-4.0.5.jar:/workspace/m2-repository/io/helidon/http/media/helidon-http-media/4.0.5/helidon-http-media-4.0.5.jar:/workspace/m2-repository/io/helidon/http/encoding/helidon-http-encoding/4.0.5/helidon-http-encoding-4.0.5.jar:/workspace/m2-repository/io/helidon/webserver/helidon-webserver-static-content/4.0.5/helidon-webserver-static-content-4.0.5.jar:/workspace/m2-repository/jakarta/enterprise/jakarta.enterprise.cdi-api/4.0.1/jakarta.enterprise.cdi-api-4.0.1.jar:/workspace/m2-repository/jakarta/enterprise/jakarta.enterprise.lang-model/4.0.1/jakarta.enterprise.lang-model-4.0.1.jar:/workspace/m2-repository/jakarta/el/jakarta.el-api/5.0.1/jakarta.el-api-5.0.1.jar:/workspace/m2-repository/io/helidon/http/media/helidon-http-media-jsonp/4.0.5/helidon-http-media-jsonp-4.0.5.jar:/workspace/m2-repository/io/helidon/webserver/helidon-webserver-context/4.0.5/helidon-webserver-context-4.0.5.jar:/workspace/m2-repository/io/helidon/config/helidon-config/4.0.5/helidon-config-4.0.5.jar:/workspace/m2-repository/io/helidon/inject/helidon-inject-api/4.0.5/helidon-inject-api-4.0.5.jar:/workspace/m2-repository/io/helidon/common/helidon-common-types/4.0.5/helidon-common-types-4.0.5.jar:/workspace/m2-repository/io/helidon/jersey/helidon-jersey-server/4.0.5/helidon-jersey-server-4.0.5.jar:/workspace/m2-repository/org/glassfish/jersey/core/jersey-server/3.1.5/jersey-server-3.1.5.jar:/workspace/m2-repository/jakarta/validation/jakarta.validation-api/3.0.0/jakarta.validation-api-3.0.0.jar:/workspace/m2-repository/io/helidon/config/helidon-config-yaml/4.0.5/helidon-config-yaml-4.0.5.jar:/workspace/m2-repository/org/glassfish/jersey/ext/cdi/jersey-weld2-se/3.1.5/jersey-weld2-se-3.1.5.jar:/workspace/m2-repository/org/glassfish/jersey/ext/cdi/jersey-cdi1x/3.1.5/jersey-cdi1x-3.1.5.jar:/workspace/m2-repository/io/helidon/jersey/helidon-jersey-media-jsonp/4.0.5/helidon-jersey-media-jsonp-4.0.5.jar:/workspace/m2-repository/org/glassfish/jersey/media/jersey-media-json-processing/3.1.5/jersey-media-json-processing-3.1.5.jar:/workspace/m2-repository/org/eclipse/parsson/parsson-media/1.1.5/parsson-media-1.1.5.jar:/workspace/m2-repository/io/helidon/microprofile/config/helidon-microprofile-config/4.0.5/helidon-microprofile-config-4.0.5.jar:/workspace/m2-repository/io/helidon/config/helidon-config-mp/4.0.5/helidon-config-mp-4.0.5.jar:/workspace/m2-repository/io/helidon/config/helidon-config-encryption/4.0.5/helidon-config-encryption-4.0.5.jar:/workspace/m2-repository/io/helidon/common/helidon-common-crypto/4.0.5/helidon-common-crypto-4.0.5.jar:/workspace/m2-repository/io/helidon/config/helidon-config-object-mapping/4.0.5/helidon-config-object-mapping-4.0.5.jar:/workspace/m2-repository/io/helidon/microprofile/openapi/helidon-microprofile-openapi/4.0.5/helidon-microprofile-openapi-4.0.5.jar:/workspace/m2-repository/io/helidon/openapi/helidon-openapi/4.0.5/helidon-openapi-4.0.5.jar:/workspace/m2-repository/io/helidon/common/helidon-common-config/4.0.5/helidon-common-config-4.0.5.jar:/workspace/m2-repository/io/helidon/common/helidon-common-mapper/4.0.5/helidon-common-mapper-4.0.5.jar:/workspace/m2-repository/io/helidon/common/helidon-common-media-type/4.0.5/helidon-common-media-type-4.0.5.jar:/workspace/m2-repository/org/eclipse/microprofile/config/microprofile-config-api/3.0.3/microprofile-config-api-3.0.3.jar:/workspace/m2-repository/org/eclipse/microprofile/openapi/microprofile-openapi-api/3.1.1/microprofile-openapi-api-3.1.1.jar:/workspace/m2-repository/io/helidon/webserver/helidon-webserver-service-common/4.0.5/helidon-webserver-service-common-4.0.5.jar:/workspace/m2-repository/io/helidon/webserver/helidon-webserver-cors/4.0.5/helidon-webserver-cors-4.0.5.jar:/workspace/m2-repository/io/helidon/cors/helidon-cors/4.0.5/helidon-cors-4.0.5.jar:/workspace/m2-repository/io/helidon/microprofile/service-common/helidon-microprofile-service-common/4.0.5/helidon-microprofile-service-common-4.0.5.jar:/workspace/m2-repository/io/smallrye/smallrye-open-api-core/3.3.4/smallrye-open-api-core-3.3.4.jar:/workspace/m2-repository/org/jboss/logging/jboss-logging/3.5.3.Final/jboss-logging-3.5.3.Final.jar:/workspace/m2-repository/io/smallrye/smallrye-open-api-jaxrs/3.3.4/smallrye-open-api-jaxrs-3.3.4.jar:/workspace/m2-repository/org/yaml/snakeyaml/2.0/snakeyaml-2.0.jar:/workspace/m2-repository/io/helidon/microprofile/health/helidon-microprofile-health/4.0.5/helidon-microprofile-health-4.0.5.jar:/workspace/m2-repository/org/eclipse/microprofile/health/microprofile-health-api/4.0.1/microprofile-health-api-4.0.1.jar:/workspace/m2-repository/io/helidon/webserver/observe/helidon-webserver-observe-health/4.0.5/helidon-webserver-observe-health-4.0.5.jar:/workspace/m2-repository/io/helidon/health/helidon-health/4.0.5/helidon-health-4.0.5.jar:/workspace/m2-repository/jakarta/json/bind/jakarta.json.bind-api/3.0.0/jakarta.json.bind-api-3.0.0.jar:/workspace/m2-repository/org/glassfish/jersey/media/jersey-media-json-binding/3.1.5/jersey-media-json-binding-3.1.5.jar:/workspace/m2-repository/org/glassfish/jersey/core/jersey-common/3.1.5/jersey-common-3.1.5.jar:/workspace/m2-repository/jakarta/ws/rs/jakarta.ws.rs-api/3.1.0/jakarta.ws.rs-api-3.1.0.jar:/workspace/m2-repository/jakarta/annotation/jakarta.annotation-api/2.1.1/jakarta.annotation-api-2.1.1.jar:/workspace/m2-repository/jakarta/inject/jakarta.inject-api/2.0.1/jakarta.inject-api-2.0.1.jar:/workspace/m2-repository/org/glassfish/hk2/osgi-resource-locator/1.0.3/osgi-resource-locator-1.0.3.jar:/workspace/m2-repository/jakarta/json/jakarta.json-api/2.1.3/jakarta.json-api-2.1.3.jar:/workspace/m2-repository/org/eclipse/parsson/parsson/1.1.5/parsson-1.1.5.jar:/workspace/m2-repository/org/eclipse/yasson/3.0.3/yasson-3.0.3.jar:/workspace/m2-repository/io/helidon/logging/helidon-logging-jul/4.0.5/helidon-logging-jul-4.0.5.jar:/workspace/m2-repository/io/helidon/common/helidon-common-context/4.0.5/helidon-common-context-4.0.5.jar:/workspace/m2-repository/io/helidon/logging/helidon-logging-common/4.0.5/helidon-logging-common-4.0.5.jar:/workspace/m2-repository/io/helidon/common/helidon-common/4.0.5/helidon-common-4.0.5.jar:/workspace/m2-repository/io/smallrye/jandex/3.1.2/jandex-3.1.2.jar:/workspace/m2-repository/jakarta/activation/jakarta.activation-api/2.1.1/jakarta.activation-api-2.1.1.jar:/workspace/m2-repository/org/eclipse/microprofile/metrics/microprofile-metrics-api/5.0.1/microprofile-metrics-api-5.0.1.jar:/workspace/m2-repository/jakarta/interceptor/jakarta.interceptor-api/2.1.0/jakarta.interceptor-api-2.1.0.jar:/workspace/m2-repository/io/helidon/microprofile/metrics/helidon-microprofile-metrics/4.0.5/helidon-microprofile-metrics-4.0.5.jar:/workspace/m2-repository/io/helidon/webserver/observe/helidon-webserver-observe-metrics/4.0.5/helidon-webserver-observe-metrics-4.0.5.jar:/workspace/m2-repository/io/helidon/metrics/providers/helidon-metrics-providers-micrometer/4.0.5/helidon-metrics-providers-micrometer-4.0.5.jar:/workspace/m2-repository/io/micrometer/micrometer-core/1.11.3/micrometer-core-1.11.3.jar:/workspace/m2-repository/io/micrometer/micrometer-commons/1.11.3/micrometer-commons-1.11.3.jar:/workspace/m2-repository/io/micrometer/micrometer-observation/1.11.3/micrometer-observation-1.11.3.jar:/workspace/m2-repository/org/hdrhistogram/HdrHistogram/2.1.12/HdrHistogram-2.1.12.jar:/workspace/m2-repository/org/latencyutils/LatencyUtils/2.0.3/LatencyUtils-2.0.3.jar:/workspace/m2-repository/io/micrometer/micrometer-registry-prometheus/1.11.3/micrometer-registry-prometheus-1.11.3.jar:/workspace/m2-repository/io/prometheus/simpleclient_common/0.16.0/simpleclient_common-0.16.0.jar:/workspace/m2-repository/io/prometheus/simpleclient/0.16.0/simpleclient-0.16.0.jar:/workspace/m2-repository/io/prometheus/simpleclient_tracer_otel/0.16.0/simpleclient_tracer_otel-0.16.0.jar:/workspace/m2-repository/io/prometheus/simpleclient_tracer_otel_agent/0.16.0/simpleclient_tracer_otel_agent-0.16.0.jar:/workspace/m2-repository/io/prometheus/simpleclient_tracer_common/0.16.0/simpleclient_tracer_common-0.16.0.jar:/workspace/m2-repository/io/helidon/metrics/helidon-metrics-api/4.0.5/helidon-metrics-api-4.0.5.jar:/workspace/m2-repository/io/helidon/http/helidon-http/4.0.5/helidon-http-4.0.5.jar:/workspace/m2-repository/io/helidon/common/helidon-common-configurable/4.0.5/helidon-common-configurable-4.0.5.jar:/workspace/m2-repository/io/helidon/common/helidon-common-buffers/4.0.5/helidon-common-buffers-4.0.5.jar:/workspace/m2-repository/io/helidon/common/helidon-common-uri/4.0.5/helidon-common-uri-4.0.5.jar:/workspace/m2-repository/io/helidon/common/helidon-common-parameters/4.0.5/helidon-common-parameters-4.0.5.jar:/workspace/m2-repository/io/helidon/builder/helidon-builder-api/4.0.5/helidon-builder-api-4.0.5.jar:/workspace/m2-repository/io/helidon/metrics/helidon-metrics-system-meters/4.0.5/helidon-metrics-system-meters-4.0.5.jar:/workspace/m2-repository/org/junit/jupiter/junit-jupiter-api/5.9.3/junit-jupiter-api-5.9.3.jar:/workspace/m2-repository/org/opentest4j/opentest4j/1.2.0/opentest4j-1.2.0.jar:/workspace/m2-repository/org/junit/platform/junit-platform-commons/1.9.3/junit-platform-commons-1.9.3.jar:/workspace/m2-repository/org/apiguardian/apiguardian-api/1.1.2/apiguardian-api-1.1.2.jar:/workspace/m2-repository/io/helidon/microprofile/testing/helidon-microprofile-testing-junit5/4.0.5/helidon-microprofile-testing-junit5-4.0.5.jar:/workspace/m2-repository/io/helidon/jersey/helidon-jersey-client/4.0.5/helidon-jersey-client-4.0.5.jar:/workspace/m2-repository/org/glassfish/jersey/core/jersey-client/3.1.5/jersey-client-3.1.5.jar:/workspace/m2-repository/org/glassfish/jersey/inject/jersey-hk2/3.1.5/jersey-hk2-3.1.5.jar:/workspace/m2-repository/org/glassfish/hk2/hk2-locator/3.0.5/hk2-locator-3.0.5.jar:/workspace/m2-repository/org/glassfish/hk2/external/aopalliance-repackaged/3.0.5/aopalliance-repackaged-3.0.5.jar:/workspace/m2-repository/org/glassfish/hk2/hk2-api/3.0.5/hk2-api-3.0.5.jar:/workspace/m2-repository/org/glassfish/hk2/hk2-utils/3.0.5/hk2-utils-3.0.5.jar:/workspace/m2-repository/org/javassist/javassist/3.29.2-GA/javassist-3.29.2-GA.jar:/workspace/m2-repository/io/helidon/config/helidon-config-yaml-mp/4.0.5/helidon-config-yaml-mp-4.0.5.jar:/workspace/m2-repository/org/hamcrest/hamcrest-all/1.3/hamcrest-all-1.3.jar:"/>
    <property name="sun.cpu.endian" value="little"/>
    <property name="user.home" value="/home/gitpod"/>
    <property name="user.language" value="en"/>
    <property name="java.specification.vendor" value="Oracle Corporation"/>
    <property name="java.version.date" value="2024-01-16"/>
    <property name="java.home" value="/home/gitpod/.sdkman/candidates/java/21.0.2-open"/>
    <property name="file.separator" value="/"/>
    <property name="basedir" value="/workspace/helidon/helidon-quickstart-mp"/>
    <property name="java.vm.compressedOopsMode" value="Zero based"/>
    <property name="line.separator" value="&#10;"/>
    <property name="java.vm.specification.vendor" value="Oracle Corporation"/>
    <property name="java.specification.name" value="Java Platform API Specification"/>
    <property name="surefire.real.class.path" value="/workspace/helidon/helidon-quickstart-mp/target/surefire/surefirebooter-20240218110155059_3.jar"/>
    <property name="java.util.logging.config.file" value="/workspace/helidon/helidon-quickstart-mp/target/classes/logging.properties"/>
    <property name="sun.management.compiler" value="HotSpot 64-Bit Tiered Compilers"/>
    <property name="java.runtime.version" value="21.0.2+13-58"/>
    <property name="user.name" value="gitpod"/>
    <property name="stdout.encoding" value="UTF-8"/>
    <property name="path.separator" value=":"/>
    <property name="os.version" value="6.1.75-060175-generic"/>
    <property name="java.runtime.name" value="OpenJDK Runtime Environment"/>
    <property name="file.encoding" value="UTF-8"/>
    <property name="java.vm.name" value="OpenJDK 64-Bit Server VM"/>
    <property name="localRepository" value="/workspace/m2-repository"/>
    <property name="jersey.config.client.ignoreExceptionResponse" value="true"/>
    <property name="java.vendor.url.bug" value="https://bugreport.java.com/bugreport/"/>
    <property name="java.io.tmpdir" value="/tmp"/>
    <property name="java.version" value="21.0.2"/>
    <property name="user.dir" value="/workspace/helidon/helidon-quickstart-mp"/>
    <property name="os.arch" value="amd64"/>
    <property name="java.vm.specification.name" value="Java Virtual Machine Specification"/>
    <property name="native.encoding" value="UTF-8"/>
    <property name="java.library.path" value="/usr/java/packages/lib:/usr/lib64:/lib64:/lib:/usr/lib"/>
    <property name="java.vm.info" value="mixed mode, sharing"/>
    <property name="stderr.encoding" value="UTF-8"/>
    <property name="java.vendor" value="Oracle Corporation"/>
    <property name="java.vm.version" value="21.0.2+13-58"/>
    <property name="sun.io.unicode.encoding" value="UnicodeLittle"/>
    <property name="java.class.version" value="65.0"/>
  </properties>
  <testcase name="testGreetings" classname="io.helidon.examples.quickstart.mp.MainTest" time="0.453">
    <system-out><![CDATA[2024.02.18 11:01:57 WARNING io.helidon.openapi.OpenApiFeature Thread[#1,main,5,main]: Static OpenAPI file not found, checked: [META-INF/openapi.json, META-INF/openapi.yaml, META-INF/openapi.yml]
2024.02.18 11:01:57 INFO io.helidon.microprofile.server.ServerCdiExtension Thread[#1,main,5,main]: Registering JAX-RS Application: HelidonMP
2024.02.18 11:01:57 WARNING org.glassfish.jersey.server.wadl.WadlFeature Thread[#1,main,5,main]: JAX-B API not found . WADL feature is disabled.
2024.02.18 11:01:57 INFO io.helidon.webserver.ServerListener VirtualThread[#74,start @default (/0.0.0.0:0)]/runnable@ForkJoinPool-1-worker-1: [0x3b0df354] http://0.0.0.0:32835 bound for socket '@default'
2024.02.18 11:01:57 INFO io.helidon.webserver.LoomServer Thread[#1,main,5,main]: Started all channels in 14 milliseconds. 2644 milliseconds since JVM startup. Java 21.0.2+13-58
2024.02.18 11:01:57 INFO io.helidon.microprofile.server.ServerCdiExtension Thread[#1,main,5,main]: Server started on http://localhost:32835 (and all other host addresses) in 2648 milliseconds (since JVM startup).
2024.02.18 11:01:58 INFO io.helidon.common.features.HelidonFeatures Thread[#78,features-thread,5,main]: Helidon MP 4.0.5 features: [CDI, Config, Health, Metrics, Open API, Server]
]]></system-out>
  </testcase>
  <testcase name="testGreet" classname="io.helidon.examples.quickstart.mp.MainTest" time="0.065"/>
  <testcase name="testHealth" classname="io.helidon.examples.quickstart.mp.MainTest" time="0.021"/>
  <testcase name="testMicroprofileMetrics" classname="io.helidon.examples.quickstart.mp.MainTest" time="0.07"/>
</testsuite>